<?xml version="1.0" encoding="UTF-8"?>
<!-- Generated by org.testng.reporters.JUnitXMLReporter -->
<testsuite hostname="PODIUM3.local" ignored="0" name="Test" tests="6" failures="3" timestamp="2020-03-09T18:12:42 IST" time="39.342" errors="0">
  <testcase name="films" time="12.844" classname="com_Api.start_api"/>
  <testcase name="Showtimes" time="10.816" classname="com_Api.start_api"/>
  <testcase name="Session_id" time="4.354" classname="com_Api.start_api">
    <failure type="org.json.JSONException" message="A JSONArray text must start with &amp;apos;[&amp;apos; at 1 [character 2 line 1]">
      <![CDATA[org.json.JSONException: A JSONArray text must start with '[' at 1 [character 2 line 1]
at org.json.JSONTokener.syntaxError(JSONTokener.java:505)
at org.json.JSONArray.<init>(JSONArray.java:109)
at org.json.JSONArray.<init>(JSONArray.java:162)
at com_Api.start_api.distinct_showdates(start_api.java:120)
at com_Api.start_api.Session_id(start_api.java:171)
at java.util.ArrayList.forEach(ArrayList.java:1257)
... Removed 27 stack frames]]>
    </failure>
  </testcase> <!-- Session_id -->
  <testcase name="seat_plan" time="4.192" classname="com_Api.start_api">
    <failure type="org.json.JSONException" message="A JSONArray text must start with &amp;apos;[&amp;apos; at 1 [character 2 line 1]">
      <![CDATA[org.json.JSONException: A JSONArray text must start with '[' at 1 [character 2 line 1]
at org.json.JSONTokener.syntaxError(JSONTokener.java:505)
at org.json.JSONArray.<init>(JSONArray.java:109)
at org.json.JSONArray.<init>(JSONArray.java:162)
at com_Api.start_api.seat_plan(start_api.java:202)
at java.util.ArrayList.forEach(ArrayList.java:1257)
... Removed 27 stack frames]]>
    </failure>
  </testcase> <!-- seat_plan -->
  <testcase name="create_order" time="3.162" classname="com_Api.start_api">
    <failure type="java.lang.NullPointerException">
      <![CDATA[java.lang.NullPointerException
at com_Api.start_api.create_order(start_api.java:255)
at java.util.ArrayList.forEach(ArrayList.java:1257)
... Removed 27 stack frames]]>
    </failure>
  </testcase> <!-- create_order -->
  <testcase name="cancel_order" time="3.667" classname="com_Api.start_api"/>
</testsuite> <!-- Test -->
